<?xml version="1.0" encoding="UTF-8" ?>
<testsuite tests="3" failures="0" name="cucumber.Options.TestRunner" time="9.322" errors="0" skipped="0">
  <properties>
[...]
</properties>
  <testcase classname="Verifyplace Api call" name="verify if place is being succesfully added using addplace Api #1" time="7.598"/>
  <testcase classname="Verifyplace Api call" name="verify if place is being succesfully added using addplace Api #2" time="1.011"/>
  <testcase classname="Verifyplace Api call" name="Delete Place" time="0.713"/>
</testsuite>